Using pre-set license
Built from '2020.2/staging' branch; Version is '2020.2.0b13 (655e1a328b90) revision 6643226'; Using compiler version '192528614'; Build Type 'Release'
OS: 'Windows 10  (10.0.0) 64bit' Language: 'en' Physical Memory: 8044 MB
BatchMode: 1, IsHumanControllingUs: 0, StartBugReporterOnCrash: 0, Is64bit: 1, IsPro: 0

 COMMAND LINE ARGUMENTS:
D:\Unity 2020.2.0b13\Editor\Unity.exe
-adb2
-batchMode
-noUpm
-name
AssetImportWorker0
-projectPath
D:/kuliah/Pemrograman s.3/Game Shooter
-logFile
Logs/AssetImportWorker0.log
-srvPort
61278
Successfully changed project path to: D:/kuliah/Pemrograman s.3/Game Shooter
D:/kuliah/Pemrograman s.3/Game Shooter
Using Asset Import Pipeline V2.
Refreshing native plugins compatible for Editor in 27.67 ms, found 0 plugins.
Preloading 0 native plugins for Editor in 0.00 ms.
Initialize engine version: 2020.2.0b13 (655e1a328b90)
[Subsystems] Discovering subsystems at path D:/Unity 2020.2.0b13/Editor/Data/Resources/UnitySubsystems
[Subsystems] Discovering subsystems at path D:/kuliah/Pemrograman s.3/Game Shooter/Assets
GfxDevice: creating device client; threaded=0
Direct3D:
    Version:  Direct3D 11.0 [level 11.1]
    Renderer: NVIDIA GeForce GTX 1650 (ID=0x1f91)
    Vendor:   
    VRAM:     3962 MB
    Driver:   27.21.14.5763
Initialize mono
Mono path[0] = 'D:/Unity 2020.2.0b13/Editor/Data/Managed'
Mono path[1] = 'D:/Unity 2020.2.0b13/Editor/Data/MonoBleedingEdge/lib/mono/unityjit'
Mono config path = 'D:/Unity 2020.2.0b13/Editor/Data/MonoBleedingEdge/etc'
Using monoOptions --debugger-agent=transport=dt_socket,embedding=1,server=y,suspend=n,address=127.0.0.1:56608
Begin MonoManager ReloadAssembly
Registering precompiled unity dll's ...
Register platform support module: D:/Unity 2020.2.0b13/Editor/Data/PlaybackEngines/WindowsStandaloneSupport/UnityEditor.WindowsStandalone.Extensions.dll
Registered in 0.000929 seconds.
Native extension for WindowsStandalone target not found
Refreshing native plugins compatible for Editor in 23.21 ms, found 0 plugins.
Preloading 0 native plugins for Editor in 0.00 ms.
Invoked RoslynAnalysisRunner static constructor.
RoslynAnalysisRunner will not be running.
RoslynAnalysisRunner has terminated.
Mono: successfully reloaded assembly
- Completed reload, in  0.908 seconds
Platform modules already initialized, skipping
Registering precompiled user dll's ...
Registered in 0.000550 seconds.
Begin MonoManager ReloadAssembly
Symbol file LoadedFromMemory doesn't match image D:\kuliah\Pemrograman s.3\Game Shooter\Library\PackageCache\com.unity.ext.nunit@1.0.0\net35\unity-custom\nunit.framework.dll
Native extension for WindowsStandalone target not found
Refreshing native plugins compatible for Editor in 0.21 ms, found 0 plugins.
Preloading 0 native plugins for Editor in 0.00 ms.
Invoked RoslynAnalysisRunner static constructor.
RoslynAnalysisRunner will not be running.
RoslynAnalysisRunner has terminated.
Mono: successfully reloaded assembly
- Completed reload, in  0.844 seconds
Platform modules already initialized, skipping
========================================================================
Worker process is ready to serve import requests
Launched and connected shader compiler UnityShaderCompiler.exe after 0.08 seconds
Refreshing native plugins compatible for Editor in 0.57 ms, found 0 plugins.
Preloading 0 native plugins for Editor in 0.00 ms.
Unloading 1152 Unused Serialized files (Serialized files now loaded: 0)
System memory in use before: 58.9 MB.
System memory in use after: 59.0 MB.

Unloading 10 unused Assets to reduce memory usage. Loaded Objects now: 1595.
Total: 4.138600 ms (FindLiveObjects: 0.218700 ms CreateObjectMapping: 0.150800 ms MarkObjects: 3.659800 ms  DeleteObjects: 0.107200 ms)

========================================================================
Received Import Request.
  path: Assets/Models/Shotgun/Shotgun.fbx
  artifactKey: Guid(7caa3355b0f6ecb429e97b5bee6cb92e) Importer(815301076,1909f56bfc062723c751e8b465ee728b)
Start importing Assets/Models/Shotgun/Shotgun.fbx using Guid(7caa3355b0f6ecb429e97b5bee6cb92e) Importer(815301076,1909f56bfc062723c751e8b465ee728b)  -> (artifact id: 'd81886a36804f776eee5c866f9118f1b') in 0.348304 seconds
  Import took 0.351995 seconds .

========================================================================
Received Import Request.
  Time since last request: 0.000307 seconds.
  path: Assets/Models/Shotgun/Shotgun.png
  artifactKey: Guid(9cf7a4f11a35318488b437880b583939) Importer(815301076,1909f56bfc062723c751e8b465ee728b)
Start importing Assets/Models/Shotgun/Shotgun.png using Guid(9cf7a4f11a35318488b437880b583939) Importer(815301076,1909f56bfc062723c751e8b465ee728b)  -> (artifact id: '2f48863caf45ffede4fe53ffd274d7af') in 0.036074 seconds
  Import took 0.041074 seconds .

========================================================================
Received Import Request.
  Time since last request: 0.000218 seconds.
  path: Assets/Prefabs/Environment.prefab
  artifactKey: Guid(e4319956c8af9434599c7ff542b9dc40) Importer(815301076,1909f56bfc062723c751e8b465ee728b)
Start importing Assets/Prefabs/Environment.prefab using Guid(e4319956c8af9434599c7ff542b9dc40) Importer(815301076,1909f56bfc062723c751e8b465ee728b)  -> (artifact id: '6a313a1da601aa230d8543d1d7055ac4') in 0.039443 seconds
  Import took 0.042524 seconds .

AssetImportWorkerClient::OnTransportError - code=2 error=End of file
