Using pre-set license
Built from '2020.2/staging' branch; Version is '2020.2.0b13 (655e1a328b90) revision 6643226'; Using compiler version '192528614'; Build Type 'Release'
OS: 'Windows 10  (10.0.0) 64bit' Language: 'en' Physical Memory: 8044 MB
BatchMode: 1, IsHumanControllingUs: 0, StartBugReporterOnCrash: 0, Is64bit: 1, IsPro: 0

 COMMAND LINE ARGUMENTS:
D:\Unity 2020.2.0b13\Editor\Unity.exe
-adb2
-batchMode
-noUpm
-name
AssetImportWorker0
-projectPath
D:/kuliah/Pemrograman s.3/Game Shooter
-logFile
Logs/AssetImportWorker0.log
-srvPort
53972
Successfully changed project path to: D:/kuliah/Pemrograman s.3/Game Shooter
D:/kuliah/Pemrograman s.3/Game Shooter
Using Asset Import Pipeline V2.
Refreshing native plugins compatible for Editor in 23.66 ms, found 0 plugins.
Preloading 0 native plugins for Editor in 0.00 ms.
Initialize engine version: 2020.2.0b13 (655e1a328b90)
[Subsystems] Discovering subsystems at path D:/Unity 2020.2.0b13/Editor/Data/Resources/UnitySubsystems
[Subsystems] Discovering subsystems at path D:/kuliah/Pemrograman s.3/Game Shooter/Assets
GfxDevice: creating device client; threaded=0
Direct3D:
    Version:  Direct3D 11.0 [level 11.1]
    Renderer: NVIDIA GeForce GTX 1650 (ID=0x1f91)
    Vendor:   
    VRAM:     3962 MB
    Driver:   27.21.14.5763
Initialize mono
Mono path[0] = 'D:/Unity 2020.2.0b13/Editor/Data/Managed'
Mono path[1] = 'D:/Unity 2020.2.0b13/Editor/Data/MonoBleedingEdge/lib/mono/unityjit'
Mono config path = 'D:/Unity 2020.2.0b13/Editor/Data/MonoBleedingEdge/etc'
Using monoOptions --debugger-agent=transport=dt_socket,embedding=1,server=y,suspend=n,address=127.0.0.1:56504
Begin MonoManager ReloadAssembly
Registering precompiled unity dll's ...
Register platform support module: D:/Unity 2020.2.0b13/Editor/Data/PlaybackEngines/WindowsStandaloneSupport/UnityEditor.WindowsStandalone.Extensions.dll
Registered in 0.000921 seconds.
Native extension for WindowsStandalone target not found
Refreshing native plugins compatible for Editor in 22.61 ms, found 0 plugins.
Preloading 0 native plugins for Editor in 0.00 ms.
Invoked RoslynAnalysisRunner static constructor.
RoslynAnalysisRunner will not be running.
RoslynAnalysisRunner has terminated.
Mono: successfully reloaded assembly
- Completed reload, in  0.841 seconds
Platform modules already initialized, skipping
Registering precompiled user dll's ...
Registered in 0.000498 seconds.
Begin MonoManager ReloadAssembly
Symbol file LoadedFromMemory doesn't match image D:\kuliah\Pemrograman s.3\Game Shooter\Library\PackageCache\com.unity.ext.nunit@1.0.0\net35\unity-custom\nunit.framework.dll
Native extension for WindowsStandalone target not found
Refreshing native plugins compatible for Editor in 0.21 ms, found 0 plugins.
Preloading 0 native plugins for Editor in 0.00 ms.
Invoked RoslynAnalysisRunner static constructor.
RoslynAnalysisRunner will not be running.
RoslynAnalysisRunner has terminated.
Mono: successfully reloaded assembly
- Completed reload, in  0.803 seconds
Platform modules already initialized, skipping
========================================================================
Worker process is ready to serve import requests
Launched and connected shader compiler UnityShaderCompiler.exe after 0.05 seconds
Refreshing native plugins compatible for Editor in 0.21 ms, found 0 plugins.
Preloading 0 native plugins for Editor in 0.00 ms.
Unloading 1152 Unused Serialized files (Serialized files now loaded: 0)
System memory in use before: 58.9 MB.
System memory in use after: 59.0 MB.

Unloading 10 unused Assets to reduce memory usage. Loaded Objects now: 1595.
Total: 1.698600 ms (FindLiveObjects: 0.156400 ms CreateObjectMapping: 0.041600 ms MarkObjects: 1.441700 ms  DeleteObjects: 0.058000 ms)

========================================================================
Received Import Request.
  path: Assets/Prefabs/Player.prefab
  artifactKey: Guid(e0325f1098a12a5419d2d63146a4ed08) Importer(815301076,1909f56bfc062723c751e8b465ee728b)
Start importing Assets/Prefabs/Player.prefab using Guid(e0325f1098a12a5419d2d63146a4ed08) Importer(815301076,1909f56bfc062723c751e8b465ee728b)  -> (artifact id: 'd586cff70568c4cd6913ff6f3b5c1f1b') in 0.158479 seconds
  Import took 0.161830 seconds .

========================================================================
Received Import Request.
  Time since last request: 176.246443 seconds.
  path: Assets/Prefabs/Player.prefab
  artifactKey: Guid(e0325f1098a12a5419d2d63146a4ed08) Importer(815301076,1909f56bfc062723c751e8b465ee728b)
Start importing Assets/Prefabs/Player.prefab using Guid(e0325f1098a12a5419d2d63146a4ed08) Importer(815301076,1909f56bfc062723c751e8b465ee728b)  -> (artifact id: '8948321d5c7a4a77fc0e8ac63811ac7d') in 0.034445 seconds
  Import took 0.037778 seconds .

========================================================================
Received Import Request.
  Time since last request: 2.773006 seconds.
  path: Assets/Prefabs/Player.prefab
  artifactKey: Guid(e0325f1098a12a5419d2d63146a4ed08) Importer(815301076,1909f56bfc062723c751e8b465ee728b)
Start importing Assets/Prefabs/Player.prefab using Guid(e0325f1098a12a5419d2d63146a4ed08) Importer(815301076,1909f56bfc062723c751e8b465ee728b)  -> (artifact id: '1ae165a4df3632bfbee5cfe6ae82660b') in 0.031113 seconds
  Import took 0.035255 seconds .

========================================================================
Received Import Request.
  Time since last request: 6.047545 seconds.
  path: Assets/Prefabs/Player.prefab
  artifactKey: Guid(e0325f1098a12a5419d2d63146a4ed08) Importer(815301076,1909f56bfc062723c751e8b465ee728b)
Start importing Assets/Prefabs/Player.prefab using Guid(e0325f1098a12a5419d2d63146a4ed08) Importer(815301076,1909f56bfc062723c751e8b465ee728b)  -> (artifact id: '20fd315e837957e802aee0631574cc8d') in 0.041946 seconds
  Import took 0.045429 seconds .

========================================================================
Received Import Request.
  Time since last request: 9.601159 seconds.
  path: Assets/Prefabs/Player.prefab
  artifactKey: Guid(e0325f1098a12a5419d2d63146a4ed08) Importer(815301076,1909f56bfc062723c751e8b465ee728b)
Start importing Assets/Prefabs/Player.prefab using Guid(e0325f1098a12a5419d2d63146a4ed08) Importer(815301076,1909f56bfc062723c751e8b465ee728b)  -> (artifact id: 'e5efa6c9e12107420aa694318c9f7e9a') in 0.041992 seconds
  Import took 0.048762 seconds .

========================================================================
Received Import Request.
  Time since last request: 21.739477 seconds.
  path: Assets/Prefabs/Player.prefab
  artifactKey: Guid(e0325f1098a12a5419d2d63146a4ed08) Importer(815301076,1909f56bfc062723c751e8b465ee728b)
Start importing Assets/Prefabs/Player.prefab using Guid(e0325f1098a12a5419d2d63146a4ed08) Importer(815301076,1909f56bfc062723c751e8b465ee728b)  -> (artifact id: 'fc8f2b6403da020bf4a2c329597f7217') in 0.034653 seconds
  Import took 0.039006 seconds .

========================================================================
Received Import Request.
  Time since last request: 5.687223 seconds.
  path: Assets/Prefabs/Player.prefab
  artifactKey: Guid(e0325f1098a12a5419d2d63146a4ed08) Importer(815301076,1909f56bfc062723c751e8b465ee728b)
Start importing Assets/Prefabs/Player.prefab using Guid(e0325f1098a12a5419d2d63146a4ed08) Importer(815301076,1909f56bfc062723c751e8b465ee728b)  -> (artifact id: '6f1f03f9b08f83633809e47c05b2afba') in 0.034278 seconds
  Import took 0.039295 seconds .

========================================================================
Received Import Request.
  Time since last request: 15.370508 seconds.
  path: Assets/Prefabs/Player.prefab
  artifactKey: Guid(e0325f1098a12a5419d2d63146a4ed08) Importer(815301076,1909f56bfc062723c751e8b465ee728b)
Start importing Assets/Prefabs/Player.prefab using Guid(e0325f1098a12a5419d2d63146a4ed08) Importer(815301076,1909f56bfc062723c751e8b465ee728b)  -> (artifact id: '383ce38057dd8bce542106a041e88684') in 0.027893 seconds
  Import took 0.035599 seconds .

========================================================================
Received Import Request.
  Time since last request: 5.787453 seconds.
  path: Assets/Prefabs/Player.prefab
  artifactKey: Guid(e0325f1098a12a5419d2d63146a4ed08) Importer(815301076,1909f56bfc062723c751e8b465ee728b)
Start importing Assets/Prefabs/Player.prefab using Guid(e0325f1098a12a5419d2d63146a4ed08) Importer(815301076,1909f56bfc062723c751e8b465ee728b)  -> (artifact id: '5fcfff56ac37a031f9cc610047110a72') in 0.031410 seconds
  Import took 0.035427 seconds .

========================================================================
Received Import Request.
  Time since last request: 1.988497 seconds.
  path: Assets/Prefabs/Player.prefab
  artifactKey: Guid(e0325f1098a12a5419d2d63146a4ed08) Importer(815301076,1909f56bfc062723c751e8b465ee728b)
Start importing Assets/Prefabs/Player.prefab using Guid(e0325f1098a12a5419d2d63146a4ed08) Importer(815301076,1909f56bfc062723c751e8b465ee728b)  -> (artifact id: '5d8caa984c1b0aea32b3e452e51e43fa') in 0.023239 seconds
  Import took 0.026763 seconds .

========================================================================
Received Import Request.
  Time since last request: 4.632486 seconds.
  path: Assets/Prefabs/Player.prefab
  artifactKey: Guid(e0325f1098a12a5419d2d63146a4ed08) Importer(815301076,1909f56bfc062723c751e8b465ee728b)
Start importing Assets/Prefabs/Player.prefab using Guid(e0325f1098a12a5419d2d63146a4ed08) Importer(815301076,1909f56bfc062723c751e8b465ee728b)  -> (artifact id: '1369096b68dc571a04c98971f363fbc2') in 0.033643 seconds
  Import took 0.036669 seconds .

========================================================================
Received Import Request.
  Time since last request: 15.019620 seconds.
  path: Assets/Prefabs/Player.prefab
  artifactKey: Guid(e0325f1098a12a5419d2d63146a4ed08) Importer(815301076,1909f56bfc062723c751e8b465ee728b)
Start importing Assets/Prefabs/Player.prefab using Guid(e0325f1098a12a5419d2d63146a4ed08) Importer(815301076,1909f56bfc062723c751e8b465ee728b)  -> (artifact id: 'd8e624780610602944932f62b2d7ae4c') in 0.027377 seconds
  Import took 0.030596 seconds .

========================================================================
Received Import Request.
  Time since last request: 20.678930 seconds.
  path: Assets/Scripts/ChangeCamera.cs
  artifactKey: Guid(289525c28dc552a44aa8d0c3163457d7) Importer(815301076,1909f56bfc062723c751e8b465ee728b)
Start importing Assets/Scripts/ChangeCamera.cs using Guid(289525c28dc552a44aa8d0c3163457d7) Importer(815301076,1909f56bfc062723c751e8b465ee728b)  -> (artifact id: '9ad2765baac31b803f1a3e4012fc9dcf') in 0.024025 seconds
  Import took 0.026885 seconds .

========================================================================
Received Prepare
Registering precompiled user dll's ...
Registered in 0.000468 seconds.
Begin MonoManager ReloadAssembly
Symbol file LoadedFromMemory doesn't match image D:\kuliah\Pemrograman s.3\Game Shooter\Library\PackageCache\com.unity.ext.nunit@1.0.0\net35\unity-custom\nunit.framework.dll
Native extension for WindowsStandalone target not found
Refreshing native plugins compatible for Editor in 0.21 ms, found 0 plugins.
Preloading 0 native plugins for Editor in 0.00 ms.
Invoked RoslynAnalysisRunner static constructor.
RoslynAnalysisRunner will not be running.
RoslynAnalysisRunner has terminated.
Mono: successfully reloaded assembly
- Completed reload, in  0.653 seconds
Platform modules already initialized, skipping
Refreshing native plugins compatible for Editor in 0.22 ms, found 0 plugins.
Preloading 0 native plugins for Editor in 0.00 ms.
Unloading 1144 Unused Serialized files (Serialized files now loaded: 0)
System memory in use before: 73.0 MB.
System memory in use after: 73.1 MB.

Unloading 5 unused Assets to reduce memory usage. Loaded Objects now: 1606.
Total: 1.615400 ms (FindLiveObjects: 0.117600 ms CreateObjectMapping: 0.033200 ms MarkObjects: 1.420800 ms  DeleteObjects: 0.042500 ms)

========================================================================
Received Import Request.
  Time since last request: 418.678461 seconds.
  path: Assets/Scripts/ChangeCamera.cs
  artifactKey: Guid(289525c28dc552a44aa8d0c3163457d7) Importer(815301076,1909f56bfc062723c751e8b465ee728b)
Start importing Assets/Scripts/ChangeCamera.cs using Guid(289525c28dc552a44aa8d0c3163457d7) Importer(815301076,1909f56bfc062723c751e8b465ee728b)  -> (artifact id: '024b598db87f7df07255afb2820f4ba0') in 0.008053 seconds
  Import took 0.011920 seconds .

========================================================================
Received Prepare
Registering precompiled user dll's ...
Registered in 0.000551 seconds.
Begin MonoManager ReloadAssembly
Symbol file LoadedFromMemory doesn't match image D:\kuliah\Pemrograman s.3\Game Shooter\Library\PackageCache\com.unity.ext.nunit@1.0.0\net35\unity-custom\nunit.framework.dll
Native extension for WindowsStandalone target not found
Refreshing native plugins compatible for Editor in 0.22 ms, found 0 plugins.
Preloading 0 native plugins for Editor in 0.00 ms.
Invoked RoslynAnalysisRunner static constructor.
RoslynAnalysisRunner will not be running.
RoslynAnalysisRunner has terminated.
Mono: successfully reloaded assembly
- Completed reload, in  0.657 seconds
Platform modules already initialized, skipping
Refreshing native plugins compatible for Editor in 0.22 ms, found 0 plugins.
Preloading 0 native plugins for Editor in 0.00 ms.
Unloading 1144 Unused Serialized files (Serialized files now loaded: 0)
System memory in use before: 73.2 MB.
System memory in use after: 73.3 MB.

Unloading 5 unused Assets to reduce memory usage. Loaded Objects now: 1608.
Total: 1.666800 ms (FindLiveObjects: 0.163100 ms CreateObjectMapping: 0.040200 ms MarkObjects: 1.417200 ms  DeleteObjects: 0.045100 ms)

========================================================================
Received Prepare
Registering precompiled user dll's ...
Registered in 0.000514 seconds.
Begin MonoManager ReloadAssembly
Symbol file LoadedFromMemory doesn't match image D:\kuliah\Pemrograman s.3\Game Shooter\Library\PackageCache\com.unity.ext.nunit@1.0.0\net35\unity-custom\nunit.framework.dll
Native extension for WindowsStandalone target not found
Refreshing native plugins compatible for Editor in 0.21 ms, found 0 plugins.
Preloading 0 native plugins for Editor in 0.00 ms.
Invoked RoslynAnalysisRunner static constructor.
RoslynAnalysisRunner will not be running.
RoslynAnalysisRunner has terminated.
Mono: successfully reloaded assembly
- Completed reload, in  0.684 seconds
Platform modules already initialized, skipping
Refreshing native plugins compatible for Editor in 0.22 ms, found 0 plugins.
Preloading 0 native plugins for Editor in 0.00 ms.
Unloading 1144 Unused Serialized files (Serialized files now loaded: 0)
System memory in use before: 73.4 MB.
System memory in use after: 73.5 MB.

Unloading 5 unused Assets to reduce memory usage. Loaded Objects now: 1610.
Total: 1.572600 ms (FindLiveObjects: 0.131300 ms CreateObjectMapping: 0.031300 ms MarkObjects: 1.370000 ms  DeleteObjects: 0.039300 ms)

========================================================================
Received Import Request.
  Time since last request: 513.816189 seconds.
  path: Assets/Models/AK47
  artifactKey: Guid(1ac0b90235aa233458aa6d644589d2dd) Importer(815301076,1909f56bfc062723c751e8b465ee728b)
Start importing Assets/Models/AK47 using Guid(1ac0b90235aa233458aa6d644589d2dd) Importer(815301076,1909f56bfc062723c751e8b465ee728b)  -> (artifact id: '16be078b614c1550b9129df2c77015b1') in 0.010463 seconds
  Import took 0.012740 seconds .

========================================================================
Received Import Request.
  Time since last request: 0.043669 seconds.
  path: Assets/Models/AK47/AK47.fbx
  artifactKey: Guid(dd986c5115816e44c8560e7c4f5035f0) Importer(815301076,1909f56bfc062723c751e8b465ee728b)
Start importing Assets/Models/AK47/AK47.fbx using Guid(dd986c5115816e44c8560e7c4f5035f0) Importer(815301076,1909f56bfc062723c751e8b465ee728b)  -> (artifact id: '6b4504715496e3baa6594f8ff554d378') in 0.179188 seconds
  Import took 0.181533 seconds .

========================================================================
Received Import Request.
  Time since last request: 0.000220 seconds.
  path: Assets/Models/AK47/AK47.png
  artifactKey: Guid(4ad37b5918628204395da351642ac676) Importer(815301076,1909f56bfc062723c751e8b465ee728b)
Start importing Assets/Models/AK47/AK47.png using Guid(4ad37b5918628204395da351642ac676) Importer(815301076,1909f56bfc062723c751e8b465ee728b)  -> (artifact id: '42877ff895d06e1c4200878e3873907f') in 0.030351 seconds
  Import took 0.032283 seconds .

========================================================================
Received Import Request.
  Time since last request: 279.097155 seconds.
  path: Assets/Sprites/gameover.jpg
  artifactKey: Guid(d16d3bd826b9f674ca53d84fec57b474) Importer(815301076,1909f56bfc062723c751e8b465ee728b)
Start importing Assets/Sprites/gameover.jpg using Guid(d16d3bd826b9f674ca53d84fec57b474) Importer(815301076,1909f56bfc062723c751e8b465ee728b)  -> (artifact id: '3c6c702e95ecc56b41b06e94fa59fa8b') in 0.039030 seconds
  Import took 0.041515 seconds .

========================================================================
Received Import Request.
  Time since last request: 0.000300 seconds.
  path: Assets/Sprites/logo.png
  artifactKey: Guid(a1f1cd70b81ac34428d6bb00cf0f73b9) Importer(815301076,1909f56bfc062723c751e8b465ee728b)
Start importing Assets/Sprites/logo.png using Guid(a1f1cd70b81ac34428d6bb00cf0f73b9) Importer(815301076,1909f56bfc062723c751e8b465ee728b)  -> (artifact id: '1aa6e80870cc353dc78c903dc5af7f7b') in 0.029647 seconds
  Import took 0.031796 seconds .

========================================================================
Received Import Request.
  Time since last request: 0.000294 seconds.
  path: Assets/Sprites/kamu_menang.png
  artifactKey: Guid(c5eb5d75269f91b4391262f62efc1a58) Importer(815301076,1909f56bfc062723c751e8b465ee728b)
Start importing Assets/Sprites/kamu_menang.png using Guid(c5eb5d75269f91b4391262f62efc1a58) Importer(815301076,1909f56bfc062723c751e8b465ee728b)  -> (artifact id: 'c72af9c9af74e7aeaeafc7ca5d8dc70e') in 0.032080 seconds
  Import took 0.034326 seconds .

========================================================================
Received Import Request.
  Time since last request: 0.001531 seconds.
  path: Assets/Sprites/kamu_menang.png
  artifactKey: Guid(c5eb5d75269f91b4391262f62efc1a58) Importer(815301076,1909f56bfc062723c751e8b465ee728b)
Start importing Assets/Sprites/kamu_menang.png using Guid(c5eb5d75269f91b4391262f62efc1a58) Importer(815301076,1909f56bfc062723c751e8b465ee728b)  -> (artifact id: 'c72af9c9af74e7aeaeafc7ca5d8dc70e') in 0.017105 seconds
  Import took 0.020371 seconds .

========================================================================
Received Import Request.
  Time since last request: 8.044403 seconds.
  path: Assets/Scripts/SwapWeapon.cs
  artifactKey: Guid(3f822787da1b78343976d478c07fd0c4) Importer(815301076,1909f56bfc062723c751e8b465ee728b)
Start importing Assets/Scripts/SwapWeapon.cs using Guid(3f822787da1b78343976d478c07fd0c4) Importer(815301076,1909f56bfc062723c751e8b465ee728b)  -> (artifact id: 'fd8d2cc855e48b62408ceb22857e7af1') in 0.008041 seconds
  Import took 0.010356 seconds .

========================================================================
Received Prepare
Registering precompiled user dll's ...
Registered in 0.000486 seconds.
Begin MonoManager ReloadAssembly
Symbol file LoadedFromMemory doesn't match image D:\kuliah\Pemrograman s.3\Game Shooter\Library\PackageCache\com.unity.ext.nunit@1.0.0\net35\unity-custom\nunit.framework.dll
Native extension for WindowsStandalone target not found
Refreshing native plugins compatible for Editor in 0.22 ms, found 0 plugins.
Preloading 0 native plugins for Editor in 0.00 ms.
Invoked RoslynAnalysisRunner static constructor.
RoslynAnalysisRunner will not be running.
RoslynAnalysisRunner has terminated.
Mono: successfully reloaded assembly
- Completed reload, in  0.694 seconds
Platform modules already initialized, skipping
Refreshing native plugins compatible for Editor in 0.22 ms, found 0 plugins.
Preloading 0 native plugins for Editor in 0.00 ms.
Unloading 1145 Unused Serialized files (Serialized files now loaded: 0)
System memory in use before: 74.1 MB.
System memory in use after: 74.1 MB.

Unloading 5 unused Assets to reduce memory usage. Loaded Objects now: 1657.
Total: 1.468400 ms (FindLiveObjects: 0.134400 ms CreateObjectMapping: 0.035100 ms MarkObjects: 1.259900 ms  DeleteObjects: 0.037900 ms)

========================================================================
Received Prepare
Registering precompiled user dll's ...
Registered in 0.000519 seconds.
Begin MonoManager ReloadAssembly
Symbol file LoadedFromMemory doesn't match image D:\kuliah\Pemrograman s.3\Game Shooter\Library\PackageCache\com.unity.ext.nunit@1.0.0\net35\unity-custom\nunit.framework.dll
Native extension for WindowsStandalone target not found
Refreshing native plugins compatible for Editor in 0.22 ms, found 0 plugins.
Preloading 0 native plugins for Editor in 0.00 ms.
Invoked RoslynAnalysisRunner static constructor.
RoslynAnalysisRunner will not be running.
RoslynAnalysisRunner has terminated.
Mono: successfully reloaded assembly
- Completed reload, in  0.670 seconds
Platform modules already initialized, skipping
Refreshing native plugins compatible for Editor in 0.22 ms, found 0 plugins.
Preloading 0 native plugins for Editor in 0.00 ms.
Unloading 1145 Unused Serialized files (Serialized files now loaded: 0)
System memory in use before: 74.3 MB.
System memory in use after: 74.4 MB.

Unloading 5 unused Assets to reduce memory usage. Loaded Objects now: 1659.
Total: 1.912900 ms (FindLiveObjects: 0.235500 ms CreateObjectMapping: 0.051000 ms MarkObjects: 1.557600 ms  DeleteObjects: 0.067400 ms)

========================================================================
Received Import Request.
  Time since last request: 248.059486 seconds.
  path: Assets/Scripts/SwapWeapon.cs
  artifactKey: Guid(3f822787da1b78343976d478c07fd0c4) Importer(815301076,1909f56bfc062723c751e8b465ee728b)
Start importing Assets/Scripts/SwapWeapon.cs using Guid(3f822787da1b78343976d478c07fd0c4) Importer(815301076,1909f56bfc062723c751e8b465ee728b)  -> (artifact id: '7a4738bb56d5461b36175a2edb57ae9c') in 0.005430 seconds
  Import took 0.008779 seconds .

========================================================================
Received Prepare
Registering precompiled user dll's ...
Registered in 0.000505 seconds.
Begin MonoManager ReloadAssembly
Symbol file LoadedFromMemory doesn't match image D:\kuliah\Pemrograman s.3\Game Shooter\Library\PackageCache\com.unity.ext.nunit@1.0.0\net35\unity-custom\nunit.framework.dll
Native extension for WindowsStandalone target not found
Refreshing native plugins compatible for Editor in 0.22 ms, found 0 plugins.
Preloading 0 native plugins for Editor in 0.00 ms.
Invoked RoslynAnalysisRunner static constructor.
RoslynAnalysisRunner will not be running.
RoslynAnalysisRunner has terminated.
Mono: successfully reloaded assembly
- Completed reload, in  0.677 seconds
Platform modules already initialized, skipping
Refreshing native plugins compatible for Editor in 0.25 ms, found 0 plugins.
Preloading 0 native plugins for Editor in 0.00 ms.
Unloading 1145 Unused Serialized files (Serialized files now loaded: 0)
System memory in use before: 74.5 MB.
System memory in use after: 74.6 MB.

Unloading 5 unused Assets to reduce memory usage. Loaded Objects now: 1661.
Total: 1.559600 ms (FindLiveObjects: 0.135500 ms CreateObjectMapping: 0.029600 ms MarkObjects: 1.357000 ms  DeleteObjects: 0.036400 ms)

========================================================================
Received Import Request.
  Time since last request: 435.730398 seconds.
  path: Assets/Standard Assets/CrossPlatformInput/Sprites/ButtonAcceleratorOverSprite.png
  artifactKey: Guid(eb5f6e2757c821940b69cf1456f7865a) Importer(815301076,1909f56bfc062723c751e8b465ee728b)
Start importing Assets/Standard Assets/CrossPlatformInput/Sprites/ButtonAcceleratorOverSprite.png using Guid(eb5f6e2757c821940b69cf1456f7865a) Importer(815301076,1909f56bfc062723c751e8b465ee728b)  -> (artifact id: '3ed4582ab5ead6b0a37bbcb347d3f83f') in 0.080026 seconds
  Import took 0.082545 seconds .

========================================================================
Received Import Request.
  Time since last request: 0.000197 seconds.
  path: Assets/Standard Assets/CrossPlatformInput/Sprites/ButtonBrakeUpSprite.png
  artifactKey: Guid(827c9cd4a3943534f909ac6473e17288) Importer(815301076,1909f56bfc062723c751e8b465ee728b)
Start importing Assets/Standard Assets/CrossPlatformInput/Sprites/ButtonBrakeUpSprite.png using Guid(827c9cd4a3943534f909ac6473e17288) Importer(815301076,1909f56bfc062723c751e8b465ee728b)  -> (artifact id: 'a76a5180b7047dfcca8b5168c98709ec') in 0.027220 seconds
  Import took 0.029494 seconds .

========================================================================
Received Import Request.
  Time since last request: 0.000314 seconds.
  path: Assets/Standard Assets/CrossPlatformInput/Sprites/SliderHandleSprite.png
  artifactKey: Guid(0626b924325d1c34cafa6b22297f4e4f) Importer(815301076,1909f56bfc062723c751e8b465ee728b)
Start importing Assets/Standard Assets/CrossPlatformInput/Sprites/SliderHandleSprite.png using Guid(0626b924325d1c34cafa6b22297f4e4f) Importer(815301076,1909f56bfc062723c751e8b465ee728b)  -> (artifact id: 'e93e72e71ba83c32fd8dec3b8245cc4b') in 0.022249 seconds
  Import took 0.025172 seconds .

========================================================================
Received Import Request.
  Time since last request: 0.000359 seconds.
  path: Assets/Standard Assets/CrossPlatformInput/Sprites/ButtonThumbstickOverSprite.png
  artifactKey: Guid(5485e2f56028a3c4cb54f5caa167377e) Importer(815301076,1909f56bfc062723c751e8b465ee728b)
Start importing Assets/Standard Assets/CrossPlatformInput/Sprites/ButtonThumbstickOverSprite.png using Guid(5485e2f56028a3c4cb54f5caa167377e) Importer(815301076,1909f56bfc062723c751e8b465ee728b)  -> (artifact id: 'f2492b83b8493e07f4ba096f78820709') in 0.034792 seconds
  Import took 0.037869 seconds .

========================================================================
Received Import Request.
  Time since last request: 0.000282 seconds.
  path: Assets/Standard Assets/CrossPlatformInput/Sprites/ButtonTimescaleFullUpSprite.png
  artifactKey: Guid(0c6271a290ef75b4c97d58746c86c5b8) Importer(815301076,1909f56bfc062723c751e8b465ee728b)
Start importing Assets/Standard Assets/CrossPlatformInput/Sprites/ButtonTimescaleFullUpSprite.png using Guid(0c6271a290ef75b4c97d58746c86c5b8) Importer(815301076,1909f56bfc062723c751e8b465ee728b)  -> (artifact id: 'c13898fa1e31bd97b603b03b9e81bd7b') in 0.029267 seconds
  Import took 0.031451 seconds .

========================================================================
Received Import Request.
  Time since last request: 0.000178 seconds.
  path: Assets/Standard Assets/CrossPlatformInput/Sprites/ButtonTimescaleSlowUpSprite.png
  artifactKey: Guid(9d7c6e4896067aa4fa512a00f692ac1c) Importer(815301076,1909f56bfc062723c751e8b465ee728b)
Start importing Assets/Standard Assets/CrossPlatformInput/Sprites/ButtonTimescaleSlowUpSprite.png using Guid(9d7c6e4896067aa4fa512a00f692ac1c) Importer(815301076,1909f56bfc062723c751e8b465ee728b)  -> (artifact id: 'cdad79d0c52e2db39b980a52ba470bdb') in 0.025145 seconds
  Import took 0.027665 seconds .

========================================================================
Received Import Request.
  Time since last request: 0.000707 seconds.
  path: Assets/Standard Assets/CrossPlatformInput/Sprites/ButtonArrowOverSprite.png
  artifactKey: Guid(49b611e658efbf443b686a4036f74fe3) Importer(815301076,1909f56bfc062723c751e8b465ee728b)
Start importing Assets/Standard Assets/CrossPlatformInput/Sprites/ButtonArrowOverSprite.png using Guid(49b611e658efbf443b686a4036f74fe3) Importer(815301076,1909f56bfc062723c751e8b465ee728b)  -> (artifact id: 'bcd4d8671a8b237245254ef08d12fafe') in 0.030079 seconds
  Import took 0.033642 seconds .

========================================================================
Received Import Request.
  Time since last request: 0.000409 seconds.
  path: Assets/Standard Assets/CrossPlatformInput/Sprites/ButtonBrakeOverSprite.png
  artifactKey: Guid(5b1a64ea234fb2343b8d0686c51280de) Importer(815301076,1909f56bfc062723c751e8b465ee728b)
Start importing Assets/Standard Assets/CrossPlatformInput/Sprites/ButtonBrakeOverSprite.png using Guid(5b1a64ea234fb2343b8d0686c51280de) Importer(815301076,1909f56bfc062723c751e8b465ee728b)  -> (artifact id: '878249382782a693524cf6b46be97028') in 0.028329 seconds
  Import took 0.030481 seconds .

========================================================================
Received Import Request.
  Time since last request: 0.000230 seconds.
  path: Assets/Standard Assets/CrossPlatformInput/Sprites/ButtonSpacebarSprite.png
  artifactKey: Guid(3d8675433a508ec47b8f895201eacf20) Importer(815301076,1909f56bfc062723c751e8b465ee728b)
Start importing Assets/Standard Assets/CrossPlatformInput/Sprites/ButtonSpacebarSprite.png using Guid(3d8675433a508ec47b8f895201eacf20) Importer(815301076,1909f56bfc062723c751e8b465ee728b)  -> (artifact id: '017f99d76d515d7bf9cd5649c554c3dc') in 0.033139 seconds
  Import took 0.037321 seconds .

========================================================================
Received Import Request.
  Time since last request: 0.000882 seconds.
  path: Assets/Standard Assets/CrossPlatformInput/Sprites/SliderBackgroundSprite.png
  artifactKey: Guid(ea5873cfd9158664f89459f0c9e1d853) Importer(815301076,1909f56bfc062723c751e8b465ee728b)
Start importing Assets/Standard Assets/CrossPlatformInput/Sprites/SliderBackgroundSprite.png using Guid(ea5873cfd9158664f89459f0c9e1d853) Importer(815301076,1909f56bfc062723c751e8b465ee728b)  -> (artifact id: '81a7ff5168d89c3212e1d7aa834fe57c') in 0.025608 seconds
  Import took 0.027685 seconds .

========================================================================
Received Import Request.
  Time since last request: 0.000192 seconds.
  path: Assets/Standard Assets/CrossPlatformInput/Sprites/ButtonThumbstickUpSprite.png
  artifactKey: Guid(9866a92691696b346901281f2b329034) Importer(815301076,1909f56bfc062723c751e8b465ee728b)
Start importing Assets/Standard Assets/CrossPlatformInput/Sprites/ButtonThumbstickUpSprite.png using Guid(9866a92691696b346901281f2b329034) Importer(815301076,1909f56bfc062723c751e8b465ee728b)  -> (artifact id: '89f965c3edd17f493666ae1c3144aabd') in 0.026765 seconds
  Import took 0.028924 seconds .

========================================================================
Received Import Request.
  Time since last request: 0.000263 seconds.
  path: Assets/Standard Assets/CrossPlatformInput/Sprites/ButtonResetSprite.png
  artifactKey: Guid(a94c9a7eb94ceec4a8d67a1890e22e51) Importer(815301076,1909f56bfc062723c751e8b465ee728b)
Start importing Assets/Standard Assets/CrossPlatformInput/Sprites/ButtonResetSprite.png using Guid(a94c9a7eb94ceec4a8d67a1890e22e51) Importer(815301076,1909f56bfc062723c751e8b465ee728b)  -> (artifact id: '9a12bd49fdaabe3430383b8f980a3c6b') in 0.028676 seconds
  Import took 0.030894 seconds .

========================================================================
Received Import Request.
  Time since last request: 0.000282 seconds.
  path: Assets/Standard Assets/CrossPlatformInput/Sprites/ButtonArrowUpSprite.png
  artifactKey: Guid(4db017495c69e8140a56a0e2b669e3f8) Importer(815301076,1909f56bfc062723c751e8b465ee728b)
Start importing Assets/Standard Assets/CrossPlatformInput/Sprites/ButtonArrowUpSprite.png using Guid(4db017495c69e8140a56a0e2b669e3f8) Importer(815301076,1909f56bfc062723c751e8b465ee728b)  -> (artifact id: '2af8ec4cb6ea49252bfd2f5c81a6f169') in 0.023373 seconds
  Import took 0.030082 seconds .

========================================================================
Received Import Request.
  Time since last request: 0.000187 seconds.
  path: Assets/Standard Assets/CrossPlatformInput/Sprites/ButtonCameraCycleUpSprite.png
  artifactKey: Guid(a3983c59ebf804b4abba687bd7c9e92f) Importer(815301076,1909f56bfc062723c751e8b465ee728b)
Start importing Assets/Standard Assets/CrossPlatformInput/Sprites/ButtonCameraCycleUpSprite.png using Guid(a3983c59ebf804b4abba687bd7c9e92f) Importer(815301076,1909f56bfc062723c751e8b465ee728b)  -> (artifact id: 'ad490e613ce82c5524438f99304af493') in 0.021928 seconds
  Import took 0.024365 seconds .

========================================================================
Received Import Request.
  Time since last request: 0.000207 seconds.
  path: Assets/Standard Assets/CrossPlatformInput/Sprites/TouchpadSprite.png
  artifactKey: Guid(e4f1fee3de32377429fd1348fae62b10) Importer(815301076,1909f56bfc062723c751e8b465ee728b)
Start importing Assets/Standard Assets/CrossPlatformInput/Sprites/TouchpadSprite.png using Guid(e4f1fee3de32377429fd1348fae62b10) Importer(815301076,1909f56bfc062723c751e8b465ee728b)  -> (artifact id: '6e855fa173604ff6fe21309a1e2c9e14') in 0.024796 seconds
  Import took 0.026995 seconds .

========================================================================
Received Import Request.
  Time since last request: 0.000238 seconds.
  path: Assets/Standard Assets/CrossPlatformInput/Sprites/ButtonAcceleratorUpSprite.png
  artifactKey: Guid(f588d850485d0ae479d73cf3bd0b7b00) Importer(815301076,1909f56bfc062723c751e8b465ee728b)
Start importing Assets/Standard Assets/CrossPlatformInput/Sprites/ButtonAcceleratorUpSprite.png using Guid(f588d850485d0ae479d73cf3bd0b7b00) Importer(815301076,1909f56bfc062723c751e8b465ee728b)  -> (artifact id: '22c776ea764516013603302874e112e6') in 0.026579 seconds
  Import took 0.029007 seconds .

========================================================================
Received Import Request.
  Time since last request: 1349.496056 seconds.
  path: Assets/Scripts/WeaponController.cs
  artifactKey: Guid(edaee0edda6772b47b00953ccf68770e) Importer(815301076,1909f56bfc062723c751e8b465ee728b)
Start importing Assets/Scripts/WeaponController.cs using Guid(edaee0edda6772b47b00953ccf68770e) Importer(815301076,1909f56bfc062723c751e8b465ee728b)  -> (artifact id: '988eba2bbcfcc1dfa8f88581df220f02') in 0.008380 seconds
  Import took 0.012421 seconds .

========================================================================
Received Prepare
Registering precompiled user dll's ...
Registered in 0.000457 seconds.
Begin MonoManager ReloadAssembly
Symbol file LoadedFromMemory doesn't match image D:\kuliah\Pemrograman s.3\Game Shooter\Library\PackageCache\com.unity.ext.nunit@1.0.0\net35\unity-custom\nunit.framework.dll
Native extension for WindowsStandalone target not found
Refreshing native plugins compatible for Editor in 0.26 ms, found 0 plugins.
Preloading 0 native plugins for Editor in 0.00 ms.
Invoked RoslynAnalysisRunner static constructor.
RoslynAnalysisRunner will not be running.
RoslynAnalysisRunner has terminated.
Mono: successfully reloaded assembly
- Completed reload, in  0.721 seconds
Platform modules already initialized, skipping
Refreshing native plugins compatible for Editor in 0.22 ms, found 0 plugins.
Preloading 0 native plugins for Editor in 0.00 ms.
Unloading 1146 Unused Serialized files (Serialized files now loaded: 0)
System memory in use before: 74.8 MB.
System memory in use after: 74.8 MB.

Unloading 5 unused Assets to reduce memory usage. Loaded Objects now: 1670.
Total: 1.508300 ms (FindLiveObjects: 0.136000 ms CreateObjectMapping: 0.034300 ms MarkObjects: 1.301600 ms  DeleteObjects: 0.035600 ms)

========================================================================
Received Prepare
Registering precompiled user dll's ...
Registered in 0.000780 seconds.
Begin MonoManager ReloadAssembly
Symbol file LoadedFromMemory doesn't match image D:\kuliah\Pemrograman s.3\Game Shooter\Library\PackageCache\com.unity.ext.nunit@1.0.0\net35\unity-custom\nunit.framework.dll
Native extension for WindowsStandalone target not found
Refreshing native plugins compatible for Editor in 0.21 ms, found 0 plugins.
Preloading 0 native plugins for Editor in 0.00 ms.
Invoked RoslynAnalysisRunner static constructor.
RoslynAnalysisRunner will not be running.
RoslynAnalysisRunner has terminated.
Mono: successfully reloaded assembly
- Completed reload, in  0.681 seconds
Platform modules already initialized, skipping
Refreshing native plugins compatible for Editor in 0.24 ms, found 0 plugins.
Preloading 0 native plugins for Editor in 0.00 ms.
Unloading 1146 Unused Serialized files (Serialized files now loaded: 0)
System memory in use before: 75.0 MB.
System memory in use after: 75.1 MB.

Unloading 5 unused Assets to reduce memory usage. Loaded Objects now: 1672.
Total: 1.658100 ms (FindLiveObjects: 0.203400 ms CreateObjectMapping: 0.052700 ms MarkObjects: 1.353600 ms  DeleteObjects: 0.047000 ms)

========================================================================
Received Import Request.
  Time since last request: 493.278394 seconds.
  path: Assets/Scripts/WeaponController.cs
  artifactKey: Guid(edaee0edda6772b47b00953ccf68770e) Importer(815301076,1909f56bfc062723c751e8b465ee728b)
Start importing Assets/Scripts/WeaponController.cs using Guid(edaee0edda6772b47b00953ccf68770e) Importer(815301076,1909f56bfc062723c751e8b465ee728b)  -> (artifact id: '79c93de01e93f2a86cad2b40513842f8') in 0.004561 seconds
  Import took 0.006519 seconds .

========================================================================
Received Prepare
Registering precompiled user dll's ...
Registered in 0.000530 seconds.
Begin MonoManager ReloadAssembly
Symbol file LoadedFromMemory doesn't match image D:\kuliah\Pemrograman s.3\Game Shooter\Library\PackageCache\com.unity.ext.nunit@1.0.0\net35\unity-custom\nunit.framework.dll
Native extension for WindowsStandalone target not found
Refreshing native plugins compatible for Editor in 0.21 ms, found 0 plugins.
Preloading 0 native plugins for Editor in 0.00 ms.
Invoked RoslynAnalysisRunner static constructor.
RoslynAnalysisRunner will not be running.
RoslynAnalysisRunner has terminated.
Mono: successfully reloaded assembly
- Completed reload, in  0.642 seconds
Platform modules already initialized, skipping
Refreshing native plugins compatible for Editor in 0.21 ms, found 0 plugins.
Preloading 0 native plugins for Editor in 0.00 ms.
Unloading 1146 Unused Serialized files (Serialized files now loaded: 0)
System memory in use before: 75.1 MB.
System memory in use after: 75.2 MB.

Unloading 5 unused Assets to reduce memory usage. Loaded Objects now: 1674.
Total: 1.820000 ms (FindLiveObjects: 0.143300 ms CreateObjectMapping: 0.032600 ms MarkObjects: 1.602000 ms  DeleteObjects: 0.041200 ms)

========================================================================
Received Import Request.
  Time since last request: 286.997019 seconds.
  path: Assets/Scripts/UIManager.cs
  artifactKey: Guid(5c1e2785123cfe345a8ba3016182be7f) Importer(815301076,1909f56bfc062723c751e8b465ee728b)
Start importing Assets/Scripts/UIManager.cs using Guid(5c1e2785123cfe345a8ba3016182be7f) Importer(815301076,1909f56bfc062723c751e8b465ee728b)  -> (artifact id: '338d5f0dc4e5f2c42ba6ede4c24ad8c1') in 0.010267 seconds
  Import took 0.013484 seconds .

========================================================================
Received Prepare
Registering precompiled user dll's ...
Registered in 0.000460 seconds.
Begin MonoManager ReloadAssembly
Symbol file LoadedFromMemory doesn't match image D:\kuliah\Pemrograman s.3\Game Shooter\Library\PackageCache\com.unity.ext.nunit@1.0.0\net35\unity-custom\nunit.framework.dll
Native extension for WindowsStandalone target not found
Refreshing native plugins compatible for Editor in 0.21 ms, found 0 plugins.
Preloading 0 native plugins for Editor in 0.00 ms.
Invoked RoslynAnalysisRunner static constructor.
RoslynAnalysisRunner will not be running.
RoslynAnalysisRunner has terminated.
Mono: successfully reloaded assembly
- Completed reload, in  0.729 seconds
Platform modules already initialized, skipping
Refreshing native plugins compatible for Editor in 0.23 ms, found 0 plugins.
Preloading 0 native plugins for Editor in 0.00 ms.
Unloading 1147 Unused Serialized files (Serialized files now loaded: 0)
System memory in use before: 74.4 MB.
System memory in use after: 74.5 MB.

Unloading 5 unused Assets to reduce memory usage. Loaded Objects now: 1677.
Total: 1.789900 ms (FindLiveObjects: 0.194700 ms CreateObjectMapping: 0.045900 ms MarkObjects: 1.507500 ms  DeleteObjects: 0.040000 ms)

========================================================================
Received Prepare
Registering precompiled user dll's ...
Registered in 0.000544 seconds.
Begin MonoManager ReloadAssembly
Symbol file LoadedFromMemory doesn't match image D:\kuliah\Pemrograman s.3\Game Shooter\Library\PackageCache\com.unity.ext.nunit@1.0.0\net35\unity-custom\nunit.framework.dll
Native extension for WindowsStandalone target not found
Refreshing native plugins compatible for Editor in 0.23 ms, found 0 plugins.
Preloading 0 native plugins for Editor in 0.00 ms.
Invoked RoslynAnalysisRunner static constructor.
RoslynAnalysisRunner will not be running.
RoslynAnalysisRunner has terminated.
Mono: successfully reloaded assembly
- Completed reload, in  0.682 seconds
Platform modules already initialized, skipping
Refreshing native plugins compatible for Editor in 0.32 ms, found 0 plugins.
Preloading 0 native plugins for Editor in 0.00 ms.
Unloading 1147 Unused Serialized files (Serialized files now loaded: 0)
System memory in use before: 74.6 MB.
System memory in use after: 74.7 MB.

Unloading 5 unused Assets to reduce memory usage. Loaded Objects now: 1679.
Total: 2.114200 ms (FindLiveObjects: 0.323200 ms CreateObjectMapping: 0.093500 ms MarkObjects: 1.647100 ms  DeleteObjects: 0.048400 ms)

========================================================================
Received Import Request.
  Time since last request: 104.869538 seconds.
  path: Assets/Scripts/UIManager.cs
  artifactKey: Guid(5c1e2785123cfe345a8ba3016182be7f) Importer(815301076,1909f56bfc062723c751e8b465ee728b)
Start importing Assets/Scripts/UIManager.cs using Guid(5c1e2785123cfe345a8ba3016182be7f) Importer(815301076,1909f56bfc062723c751e8b465ee728b)  -> (artifact id: '369080174b3716214362e7a08a7e20e1') in 0.008261 seconds
  Import took 0.011364 seconds .

========================================================================
Received Prepare
Registering precompiled user dll's ...
Registered in 0.000524 seconds.
Begin MonoManager ReloadAssembly
Symbol file LoadedFromMemory doesn't match image D:\kuliah\Pemrograman s.3\Game Shooter\Library\PackageCache\com.unity.ext.nunit@1.0.0\net35\unity-custom\nunit.framework.dll
Native extension for WindowsStandalone target not found
Refreshing native plugins compatible for Editor in 0.23 ms, found 0 plugins.
Preloading 0 native plugins for Editor in 0.00 ms.
Invoked RoslynAnalysisRunner static constructor.
RoslynAnalysisRunner will not be running.
RoslynAnalysisRunner has terminated.
Mono: successfully reloaded assembly
- Completed reload, in  0.664 seconds
Platform modules already initialized, skipping
Refreshing native plugins compatible for Editor in 0.21 ms, found 0 plugins.
Preloading 0 native plugins for Editor in 0.00 ms.
Unloading 1147 Unused Serialized files (Serialized files now loaded: 0)
System memory in use before: 74.9 MB.
System memory in use after: 74.9 MB.

Unloading 5 unused Assets to reduce memory usage. Loaded Objects now: 1681.
Total: 1.713600 ms (FindLiveObjects: 0.143400 ms CreateObjectMapping: 0.033100 ms MarkObjects: 1.496100 ms  DeleteObjects: 0.040100 ms)

========================================================================
Received Prepare
Registering precompiled user dll's ...
Registered in 0.000599 seconds.
Begin MonoManager ReloadAssembly
Symbol file LoadedFromMemory doesn't match image D:\kuliah\Pemrograman s.3\Game Shooter\Library\PackageCache\com.unity.ext.nunit@1.0.0\net35\unity-custom\nunit.framework.dll
Native extension for WindowsStandalone target not found
Refreshing native plugins compatible for Editor in 0.22 ms, found 0 plugins.
Preloading 0 native plugins for Editor in 0.00 ms.
Invoked RoslynAnalysisRunner static constructor.
RoslynAnalysisRunner will not be running.
RoslynAnalysisRunner has terminated.
Mono: successfully reloaded assembly
- Completed reload, in  0.684 seconds
Platform modules already initialized, skipping
Refreshing native plugins compatible for Editor in 0.22 ms, found 0 plugins.
Preloading 0 native plugins for Editor in 0.00 ms.
Unloading 1147 Unused Serialized files (Serialized files now loaded: 0)
System memory in use before: 75.1 MB.
System memory in use after: 75.2 MB.

Unloading 5 unused Assets to reduce memory usage. Loaded Objects now: 1683.
Total: 1.728200 ms (FindLiveObjects: 0.138800 ms CreateObjectMapping: 0.039900 ms MarkObjects: 1.509100 ms  DeleteObjects: 0.039800 ms)

========================================================================
Received Import Request.
  Time since last request: 509.365666 seconds.
  path: Assets/Scripts/AmmoBox.cs
  artifactKey: Guid(12159247c3e5602498a6214d2c0131b1) Importer(815301076,1909f56bfc062723c751e8b465ee728b)
Start importing Assets/Scripts/AmmoBox.cs using Guid(12159247c3e5602498a6214d2c0131b1) Importer(815301076,1909f56bfc062723c751e8b465ee728b)  -> (artifact id: '1cd9414255d7b526a37da7b01c268c6a') in 0.011899 seconds
  Import took 0.015220 seconds .

========================================================================
Received Prepare
Registering precompiled user dll's ...
Registered in 0.000592 seconds.
Begin MonoManager ReloadAssembly
Symbol file LoadedFromMemory doesn't match image D:\kuliah\Pemrograman s.3\Game Shooter\Library\PackageCache\com.unity.ext.nunit@1.0.0\net35\unity-custom\nunit.framework.dll
Native extension for WindowsStandalone target not found
Refreshing native plugins compatible for Editor in 0.61 ms, found 0 plugins.
Preloading 0 native plugins for Editor in 0.00 ms.
Invoked RoslynAnalysisRunner static constructor.
RoslynAnalysisRunner will not be running.
RoslynAnalysisRunner has terminated.
Mono: successfully reloaded assembly
- Completed reload, in  0.813 seconds
Platform modules already initialized, skipping
Refreshing native plugins compatible for Editor in 0.33 ms, found 0 plugins.
Preloading 0 native plugins for Editor in 0.00 ms.
Unloading 1148 Unused Serialized files (Serialized files now loaded: 0)
System memory in use before: 75.2 MB.
System memory in use after: 75.3 MB.

Unloading 5 unused Assets to reduce memory usage. Loaded Objects now: 1686.
Total: 1.572100 ms (FindLiveObjects: 0.143200 ms CreateObjectMapping: 0.042200 ms MarkObjects: 1.343300 ms  DeleteObjects: 0.042700 ms)

========================================================================
Received Prepare
Registering precompiled user dll's ...
Registered in 0.000603 seconds.
Begin MonoManager ReloadAssembly
Symbol file LoadedFromMemory doesn't match image D:\kuliah\Pemrograman s.3\Game Shooter\Library\PackageCache\com.unity.ext.nunit@1.0.0\net35\unity-custom\nunit.framework.dll
Native extension for WindowsStandalone target not found
Refreshing native plugins compatible for Editor in 0.21 ms, found 0 plugins.
Preloading 0 native plugins for Editor in 0.00 ms.
Invoked RoslynAnalysisRunner static constructor.
RoslynAnalysisRunner will not be running.
RoslynAnalysisRunner has terminated.
Mono: successfully reloaded assembly
- Completed reload, in  0.655 seconds
Platform modules already initialized, skipping
Refreshing native plugins compatible for Editor in 0.24 ms, found 0 plugins.
Preloading 0 native plugins for Editor in 0.00 ms.
Unloading 1148 Unused Serialized files (Serialized files now loaded: 0)
System memory in use before: 74.5 MB.
System memory in use after: 74.6 MB.

Unloading 5 unused Assets to reduce memory usage. Loaded Objects now: 1688.
Total: 1.646700 ms (FindLiveObjects: 0.148600 ms CreateObjectMapping: 0.039700 ms MarkObjects: 1.410300 ms  DeleteObjects: 0.046400 ms)

========================================================================
Received Import Request.
  Time since last request: 56.753523 seconds.
  path: Assets/Scripts/AmmoBox.cs
  artifactKey: Guid(12159247c3e5602498a6214d2c0131b1) Importer(815301076,1909f56bfc062723c751e8b465ee728b)
Start importing Assets/Scripts/AmmoBox.cs using Guid(12159247c3e5602498a6214d2c0131b1) Importer(815301076,1909f56bfc062723c751e8b465ee728b)  -> (artifact id: '48c3987c1da801e39c42ddea5f0131b0') in 0.004895 seconds
  Import took 0.006976 seconds .

========================================================================
Received Prepare
Registering precompiled user dll's ...
Registered in 0.000574 seconds.
Begin MonoManager ReloadAssembly
Symbol file LoadedFromMemory doesn't match image D:\kuliah\Pemrograman s.3\Game Shooter\Library\PackageCache\com.unity.ext.nunit@1.0.0\net35\unity-custom\nunit.framework.dll
Native extension for WindowsStandalone target not found
Refreshing native plugins compatible for Editor in 0.21 ms, found 0 plugins.
Preloading 0 native plugins for Editor in 0.00 ms.
Invoked RoslynAnalysisRunner static constructor.
RoslynAnalysisRunner will not be running.
RoslynAnalysisRunner has terminated.
Mono: successfully reloaded assembly
- Completed reload, in  0.701 seconds
Platform modules already initialized, skipping
Refreshing native plugins compatible for Editor in 0.21 ms, found 0 plugins.
Preloading 0 native plugins for Editor in 0.00 ms.
Unloading 1148 Unused Serialized files (Serialized files now loaded: 0)
System memory in use before: 74.7 MB.
System memory in use after: 74.8 MB.

Unloading 5 unused Assets to reduce memory usage. Loaded Objects now: 1690.
Total: 1.899900 ms (FindLiveObjects: 0.198400 ms CreateObjectMapping: 0.041200 ms MarkObjects: 1.611300 ms  DeleteObjects: 0.047400 ms)

========================================================================
Received Prepare
Registering precompiled user dll's ...
Registered in 0.000523 seconds.
Begin MonoManager ReloadAssembly
Symbol file LoadedFromMemory doesn't match image D:\kuliah\Pemrograman s.3\Game Shooter\Library\PackageCache\com.unity.ext.nunit@1.0.0\net35\unity-custom\nunit.framework.dll
Native extension for WindowsStandalone target not found
Refreshing native plugins compatible for Editor in 0.23 ms, found 0 plugins.
Preloading 0 native plugins for Editor in 0.00 ms.
Invoked RoslynAnalysisRunner static constructor.
RoslynAnalysisRunner will not be running.
RoslynAnalysisRunner has terminated.
Mono: successfully reloaded assembly
- Completed reload, in  0.708 seconds
Platform modules already initialized, skipping
Refreshing native plugins compatible for Editor in 0.23 ms, found 0 plugins.
Preloading 0 native plugins for Editor in 0.00 ms.
Unloading 1148 Unused Serialized files (Serialized files now loaded: 0)
System memory in use before: 75.0 MB.
System memory in use after: 75.0 MB.

Unloading 5 unused Assets to reduce memory usage. Loaded Objects now: 1692.
Total: 1.750900 ms (FindLiveObjects: 0.142600 ms CreateObjectMapping: 0.044500 ms MarkObjects: 1.516200 ms  DeleteObjects: 0.046500 ms)

========================================================================
Received Import Request.
  Time since last request: 118.689473 seconds.
  path: Assets/Models/Enemy/Enemy_animated.fbx
  artifactKey: Guid(9e9c83902de8ccd468d54c7cb49a18e4) Importer(815301076,1909f56bfc062723c751e8b465ee728b)
Start importing Assets/Models/Enemy/Enemy_animated.fbx using Guid(9e9c83902de8ccd468d54c7cb49a18e4) Importer(815301076,1909f56bfc062723c751e8b465ee728b)  -> (artifact id: 'c928b4fb4575ededecc1a066eb6de4f4') in 0.197985 seconds
  Import took 0.200583 seconds .

========================================================================
Received Import Request.
  Time since last request: 0.000252 seconds.
  path: Assets/Models/Enemy/Player_Skin.png
  artifactKey: Guid(20dbba577eb5fd6489d330f85b0b5d24) Importer(815301076,1909f56bfc062723c751e8b465ee728b)
Start importing Assets/Models/Enemy/Player_Skin.png using Guid(20dbba577eb5fd6489d330f85b0b5d24) Importer(815301076,1909f56bfc062723c751e8b465ee728b)  -> (artifact id: '81fac2a6c1909c8b91be35e2f399eeb6') in 0.018542 seconds
  Import took 0.021562 seconds .

========================================================================
Received Import Request.
  Time since last request: 0.000327 seconds.
  path: Assets/Models/Enemy/Player_Cloth.png
  artifactKey: Guid(b750bf4497b20ea4280257d4b3122cfb) Importer(815301076,1909f56bfc062723c751e8b465ee728b)
Start importing Assets/Models/Enemy/Player_Cloth.png using Guid(b750bf4497b20ea4280257d4b3122cfb) Importer(815301076,1909f56bfc062723c751e8b465ee728b)  -> (artifact id: 'b32d77f291d270589a1087a82f5ed720') in 0.013581 seconds
  Import took 0.015859 seconds .

========================================================================
Received Import Request.
  Time since last request: 0.000218 seconds.
  path: Assets/Models/Enemy/Player_tas.png
  artifactKey: Guid(9c50734882854f14fb830b4ce66ef33c) Importer(815301076,1909f56bfc062723c751e8b465ee728b)
Start importing Assets/Models/Enemy/Player_tas.png using Guid(9c50734882854f14fb830b4ce66ef33c) Importer(815301076,1909f56bfc062723c751e8b465ee728b)  -> (artifact id: 'dbfa39976c4c9e1e0d7a4ff7a36cf1ae') in 0.024290 seconds
  Import took 0.027062 seconds .

========================================================================
Received Import Request.
  Time since last request: 0.000245 seconds.
  path: Assets/Models/Enemy/Player_Helmet.png
  artifactKey: Guid(022245e746ad4e1489c71c1d7287a6a2) Importer(815301076,1909f56bfc062723c751e8b465ee728b)
Start importing Assets/Models/Enemy/Player_Helmet.png using Guid(022245e746ad4e1489c71c1d7287a6a2) Importer(815301076,1909f56bfc062723c751e8b465ee728b)  -> (artifact id: '790251f6a1de2c883d03f4911bfc7b5a') in 0.020398 seconds
  Import took 0.022737 seconds .

========================================================================
Received Import Request.
  Time since last request: 54.475364 seconds.
  path: ProjectSettings/TagManager.asset
  artifactKey: Guid(00000000000000003000000000000000) Importer(815301076,1909f56bfc062723c751e8b465ee728b)
Start importing ProjectSettings/TagManager.asset using Guid(00000000000000003000000000000000) Importer(815301076,1909f56bfc062723c751e8b465ee728b)  -> (artifact id: '5846658f7b623c580a9d2426a4fca832') in 0.010480 seconds
  Import took 0.012668 seconds .

========================================================================
Received Import Request.
  Time since last request: 182.706063 seconds.
  path: Assets/Animations/Enemy.controller
  artifactKey: Guid(aebbd34c5a341d34d862402a22a692f9) Importer(815301076,1909f56bfc062723c751e8b465ee728b)
Start importing Assets/Animations/Enemy.controller using Guid(aebbd34c5a341d34d862402a22a692f9) Importer(815301076,1909f56bfc062723c751e8b465ee728b)  -> (artifact id: '5465a3c0fd5b93203c183a437fcccec5') in 0.016914 seconds
  Import took 0.019438 seconds .

========================================================================
Received Import Request.
  Time since last request: 17.250496 seconds.
  path: Assets/Models/Enemy/Enemy_animated.fbx
  artifactKey: Guid(9e9c83902de8ccd468d54c7cb49a18e4) Importer(815301076,1909f56bfc062723c751e8b465ee728b)
Start importing Assets/Models/Enemy/Enemy_animated.fbx using Guid(9e9c83902de8ccd468d54c7cb49a18e4) Importer(815301076,1909f56bfc062723c751e8b465ee728b)  -> (artifact id: 'efe6a8c2349d6b1d0983a0540a15db0d') in 0.074112 seconds
  Import took 0.076795 seconds .

========================================================================
Received Prepare
Registering precompiled user dll's ...
Registered in 0.000608 seconds.
Begin MonoManager ReloadAssembly
Symbol file LoadedFromMemory doesn't match image D:\kuliah\Pemrograman s.3\Game Shooter\Library\PackageCache\com.unity.ext.nunit@1.0.0\net35\unity-custom\nunit.framework.dll
Native extension for WindowsStandalone target not found
Refreshing native plugins compatible for Editor in 0.24 ms, found 0 plugins.
Preloading 0 native plugins for Editor in 0.00 ms.
Invoked RoslynAnalysisRunner static constructor.
RoslynAnalysisRunner will not be running.
RoslynAnalysisRunner has terminated.
Mono: successfully reloaded assembly
- Completed reload, in  0.666 seconds
Platform modules already initialized, skipping
Refreshing native plugins compatible for Editor in 0.21 ms, found 0 plugins.
Preloading 0 native plugins for Editor in 0.00 ms.
Unloading 1148 Unused Serialized files (Serialized files now loaded: 0)
System memory in use before: 75.2 MB.
System memory in use after: 75.3 MB.

Unloading 6 unused Assets to reduce memory usage. Loaded Objects now: 1695.
Total: 1.517000 ms (FindLiveObjects: 0.134500 ms CreateObjectMapping: 0.035800 ms MarkObjects: 1.304200 ms  DeleteObjects: 0.041900 ms)

========================================================================
Received Import Request.
  Time since last request: 841.396193 seconds.
  path: Assets/Models/Machete
  artifactKey: Guid(59828e7f1a8f3e047b8e1492c0b2544b) Importer(815301076,1909f56bfc062723c751e8b465ee728b)
Start importing Assets/Models/Machete using Guid(59828e7f1a8f3e047b8e1492c0b2544b) Importer(815301076,1909f56bfc062723c751e8b465ee728b)  -> (artifact id: '676c83b0064d32d0854201769b2c53f1') in 0.009144 seconds
  Import took 0.011216 seconds .

========================================================================
Received Import Request.
  Time since last request: 0.000494 seconds.
  path: Assets/Models/Machete
  artifactKey: Guid(59828e7f1a8f3e047b8e1492c0b2544b) Importer(815301076,1909f56bfc062723c751e8b465ee728b)
Start importing Assets/Models/Machete using Guid(59828e7f1a8f3e047b8e1492c0b2544b) Importer(815301076,1909f56bfc062723c751e8b465ee728b)  -> (artifact id: '676c83b0064d32d0854201769b2c53f1') in 0.002999 seconds
  Import took 0.006263 seconds .

========================================================================
Received Import Request.
  Time since last request: 0.092777 seconds.
  path: Assets/Models/Machete/Machete.fbx
  artifactKey: Guid(3599aba3260c2aa409890eac60ce86b6) Importer(815301076,1909f56bfc062723c751e8b465ee728b)
Start importing Assets/Models/Machete/Machete.fbx using Guid(3599aba3260c2aa409890eac60ce86b6) Importer(815301076,1909f56bfc062723c751e8b465ee728b)  -> (artifact id: 'ef0016bf3d926b65325af9a367c3cdf8') in 0.097907 seconds
  Import took 0.100038 seconds .

========================================================================
Received Import Request.
  Time since last request: 0.000296 seconds.
  path: Assets/Models/Machete/machete.PNG
  artifactKey: Guid(2f0f0f3250f8298428e17a24d9e2202d) Importer(815301076,1909f56bfc062723c751e8b465ee728b)
Start importing Assets/Models/Machete/machete.PNG using Guid(2f0f0f3250f8298428e17a24d9e2202d) Importer(815301076,1909f56bfc062723c751e8b465ee728b)  -> (artifact id: '882681550befba0814a434ce16963f5e') in 0.024169 seconds
  Import took 0.026182 seconds .

========================================================================
Received Import Request.
  Time since last request: 0.002115 seconds.
  path: Assets/Models/Machete/machete.PNG
  artifactKey: Guid(2f0f0f3250f8298428e17a24d9e2202d) Importer(815301076,1909f56bfc062723c751e8b465ee728b)
Start importing Assets/Models/Machete/machete.PNG using Guid(2f0f0f3250f8298428e17a24d9e2202d) Importer(815301076,1909f56bfc062723c751e8b465ee728b)  -> (artifact id: '882681550befba0814a434ce16963f5e') in 0.014031 seconds
  Import took 0.017235 seconds .

========================================================================
Received Prepare
Registering precompiled user dll's ...
Registered in 0.000839 seconds.
Begin MonoManager ReloadAssembly
Symbol file LoadedFromMemory doesn't match image D:\kuliah\Pemrograman s.3\Game Shooter\Library\PackageCache\com.unity.ext.nunit@1.0.0\net35\unity-custom\nunit.framework.dll
Native extension for WindowsStandalone target not found
Refreshing native plugins compatible for Editor in 0.29 ms, found 0 plugins.
Preloading 0 native plugins for Editor in 0.00 ms.
Invoked RoslynAnalysisRunner static constructor.
RoslynAnalysisRunner will not be running.
RoslynAnalysisRunner has terminated.
Mono: successfully reloaded assembly
- Completed reload, in  0.961 seconds
Platform modules already initialized, skipping
Refreshing native plugins compatible for Editor in 0.37 ms, found 0 plugins.
Preloading 0 native plugins for Editor in 0.00 ms.
Unloading 1148 Unused Serialized files (Serialized files now loaded: 0)
System memory in use before: 75.3 MB.
System memory in use after: 75.3 MB.

Unloading 5 unused Assets to reduce memory usage. Loaded Objects now: 1698.
Total: 3.458100 ms (FindLiveObjects: 0.889400 ms CreateObjectMapping: 0.244000 ms MarkObjects: 2.240400 ms  DeleteObjects: 0.080500 ms)

========================================================================
Received Prepare
Registering precompiled user dll's ...
Registered in 0.000541 seconds.
Begin MonoManager ReloadAssembly
Symbol file LoadedFromMemory doesn't match image D:\kuliah\Pemrograman s.3\Game Shooter\Library\PackageCache\com.unity.ext.nunit@1.0.0\net35\unity-custom\nunit.framework.dll
Native extension for WindowsStandalone target not found
Refreshing native plugins compatible for Editor in 0.24 ms, found 0 plugins.
Preloading 0 native plugins for Editor in 0.00 ms.
Invoked RoslynAnalysisRunner static constructor.
RoslynAnalysisRunner will not be running.
RoslynAnalysisRunner has terminated.
Mono: successfully reloaded assembly
- Completed reload, in  0.698 seconds
Platform modules already initialized, skipping
Refreshing native plugins compatible for Editor in 0.23 ms, found 0 plugins.
Preloading 0 native plugins for Editor in 0.00 ms.
Unloading 1148 Unused Serialized files (Serialized files now loaded: 0)
System memory in use before: 74.6 MB.
System memory in use after: 74.7 MB.

Unloading 5 unused Assets to reduce memory usage. Loaded Objects now: 1700.
Total: 1.949500 ms (FindLiveObjects: 0.223000 ms CreateObjectMapping: 0.059400 ms MarkObjects: 1.621500 ms  DeleteObjects: 0.044300 ms)

========================================================================
Received Prepare
Registering precompiled user dll's ...
Registered in 0.000789 seconds.
Begin MonoManager ReloadAssembly
Symbol file LoadedFromMemory doesn't match image D:\kuliah\Pemrograman s.3\Game Shooter\Library\PackageCache\com.unity.ext.nunit@1.0.0\net35\unity-custom\nunit.framework.dll
Native extension for WindowsStandalone target not found
Refreshing native plugins compatible for Editor in 0.27 ms, found 0 plugins.
Preloading 0 native plugins for Editor in 0.00 ms.
Invoked RoslynAnalysisRunner static constructor.
RoslynAnalysisRunner will not be running.
RoslynAnalysisRunner has terminated.
Mono: successfully reloaded assembly
- Completed reload, in  0.988 seconds
Platform modules already initialized, skipping
Refreshing native plugins compatible for Editor in 0.22 ms, found 0 plugins.
Preloading 0 native plugins for Editor in 0.00 ms.
Unloading 1148 Unused Serialized files (Serialized files now loaded: 0)
System memory in use before: 74.9 MB.
System memory in use after: 74.9 MB.

Unloading 5 unused Assets to reduce memory usage. Loaded Objects now: 1702.
Total: 2.606900 ms (FindLiveObjects: 0.269700 ms CreateObjectMapping: 0.111200 ms MarkObjects: 2.172000 ms  DeleteObjects: 0.051900 ms)

========================================================================
Received Prepare
Registering precompiled user dll's ...
Registered in 0.000509 seconds.
Begin MonoManager ReloadAssembly
Symbol file LoadedFromMemory doesn't match image D:\kuliah\Pemrograman s.3\Game Shooter\Library\PackageCache\com.unity.ext.nunit@1.0.0\net35\unity-custom\nunit.framework.dll
Native extension for WindowsStandalone target not found
Refreshing native plugins compatible for Editor in 0.42 ms, found 0 plugins.
Preloading 0 native plugins for Editor in 0.00 ms.
Invoked RoslynAnalysisRunner static constructor.
RoslynAnalysisRunner will not be running.
RoslynAnalysisRunner has terminated.
Mono: successfully reloaded assembly
- Completed reload, in  0.716 seconds
Platform modules already initialized, skipping
Refreshing native plugins compatible for Editor in 0.22 ms, found 0 plugins.
Preloading 0 native plugins for Editor in 0.00 ms.
Unloading 1148 Unused Serialized files (Serialized files now loaded: 0)
System memory in use before: 75.1 MB.
System memory in use after: 75.1 MB.

Unloading 5 unused Assets to reduce memory usage. Loaded Objects now: 1704.
Total: 1.589800 ms (FindLiveObjects: 0.130400 ms CreateObjectMapping: 0.033400 ms MarkObjects: 1.388400 ms  DeleteObjects: 0.036800 ms)

========================================================================
Received Prepare
Registering precompiled user dll's ...
Registered in 0.000540 seconds.
Begin MonoManager ReloadAssembly
Symbol file LoadedFromMemory doesn't match image D:\kuliah\Pemrograman s.3\Game Shooter\Library\PackageCache\com.unity.ext.nunit@1.0.0\net35\unity-custom\nunit.framework.dll
Native extension for WindowsStandalone target not found
Refreshing native plugins compatible for Editor in 0.21 ms, found 0 plugins.
Preloading 0 native plugins for Editor in 0.00 ms.
Invoked RoslynAnalysisRunner static constructor.
RoslynAnalysisRunner will not be running.
RoslynAnalysisRunner has terminated.
Mono: successfully reloaded assembly
- Completed reload, in  0.650 seconds
Platform modules already initialized, skipping
Refreshing native plugins compatible for Editor in 0.22 ms, found 0 plugins.
Preloading 0 native plugins for Editor in 0.00 ms.
Unloading 1148 Unused Serialized files (Serialized files now loaded: 0)
System memory in use before: 75.3 MB.
System memory in use after: 75.4 MB.

Unloading 5 unused Assets to reduce memory usage. Loaded Objects now: 1706.
Total: 1.569800 ms (FindLiveObjects: 0.144800 ms CreateObjectMapping: 0.053700 ms MarkObjects: 1.327500 ms  DeleteObjects: 0.043100 ms)

========================================================================
Received Prepare
Registering precompiled user dll's ...
Registered in 0.000629 seconds.
Begin MonoManager ReloadAssembly
Symbol file LoadedFromMemory doesn't match image D:\kuliah\Pemrograman s.3\Game Shooter\Library\PackageCache\com.unity.ext.nunit@1.0.0\net35\unity-custom\nunit.framework.dll
Native extension for WindowsStandalone target not found
Refreshing native plugins compatible for Editor in 0.21 ms, found 0 plugins.
Preloading 0 native plugins for Editor in 0.00 ms.
Invoked RoslynAnalysisRunner static constructor.
RoslynAnalysisRunner will not be running.
RoslynAnalysisRunner has terminated.
Mono: successfully reloaded assembly
- Completed reload, in  0.703 seconds
Platform modules already initialized, skipping
Refreshing native plugins compatible for Editor in 0.21 ms, found 0 plugins.
Preloading 0 native plugins for Editor in 0.00 ms.
Unloading 1148 Unused Serialized files (Serialized files now loaded: 0)
System memory in use before: 75.5 MB.
System memory in use after: 75.6 MB.

Unloading 5 unused Assets to reduce memory usage. Loaded Objects now: 1708.
Total: 1.461700 ms (FindLiveObjects: 0.137800 ms CreateObjectMapping: 0.035700 ms MarkObjects: 1.248700 ms  DeleteObjects: 0.038700 ms)

========================================================================
Received Prepare
Registering precompiled user dll's ...
Registered in 0.000486 seconds.
Begin MonoManager ReloadAssembly
Symbol file LoadedFromMemory doesn't match image D:\kuliah\Pemrograman s.3\Game Shooter\Library\PackageCache\com.unity.ext.nunit@1.0.0\net35\unity-custom\nunit.framework.dll
Native extension for WindowsStandalone target not found
Refreshing native plugins compatible for Editor in 0.22 ms, found 0 plugins.
Preloading 0 native plugins for Editor in 0.00 ms.
Invoked RoslynAnalysisRunner static constructor.
RoslynAnalysisRunner will not be running.
RoslynAnalysisRunner has terminated.
Mono: successfully reloaded assembly
- Completed reload, in  0.664 seconds
Platform modules already initialized, skipping
Refreshing native plugins compatible for Editor in 0.21 ms, found 0 plugins.
Preloading 0 native plugins for Editor in 0.00 ms.
Unloading 1148 Unused Serialized files (Serialized files now loaded: 0)
System memory in use before: 74.7 MB.
System memory in use after: 74.8 MB.

Unloading 5 unused Assets to reduce memory usage. Loaded Objects now: 1710.
Total: 1.825200 ms (FindLiveObjects: 0.169600 ms CreateObjectMapping: 0.043200 ms MarkObjects: 1.565700 ms  DeleteObjects: 0.045800 ms)

========================================================================
Received Prepare
Registering precompiled user dll's ...
Registered in 0.000542 seconds.
Begin MonoManager ReloadAssembly
Symbol file LoadedFromMemory doesn't match image D:\kuliah\Pemrograman s.3\Game Shooter\Library\PackageCache\com.unity.ext.nunit@1.0.0\net35\unity-custom\nunit.framework.dll
Native extension for WindowsStandalone target not found
Refreshing native plugins compatible for Editor in 0.22 ms, found 0 plugins.
Preloading 0 native plugins for Editor in 0.00 ms.
Invoked RoslynAnalysisRunner static constructor.
RoslynAnalysisRunner will not be running.
RoslynAnalysisRunner has terminated.
Mono: successfully reloaded assembly
- Completed reload, in  0.681 seconds
Platform modules already initialized, skipping
Refreshing native plugins compatible for Editor in 0.21 ms, found 0 plugins.
Preloading 0 native plugins for Editor in 0.00 ms.
Unloading 1148 Unused Serialized files (Serialized files now loaded: 0)
System memory in use before: 74.9 MB.
System memory in use after: 75.0 MB.

Unloading 5 unused Assets to reduce memory usage. Loaded Objects now: 1712.
Total: 1.811200 ms (FindLiveObjects: 0.208000 ms CreateObjectMapping: 0.043500 ms MarkObjects: 1.512200 ms  DeleteObjects: 0.046100 ms)

AssetImportWorkerClient::OnTransportError - code=2 error=End of file
